# JRE version: OpenJDK Runtime Environment Temurin-21.0.10+7 (21.0.10+7) (build 21.0.10+7-LTS)
# Java VM: OpenJDK 64-Bit Server VM Temurin-21.0.10+7 (21.0.10+7-LTS, mixed mode, sharing, tiered, compressed oops, compressed class ptrs, g1 gc, windows-amd64)
GC Precious Log:
 CardTable entry size: 512
 Card Set container configuration: InlinePtr #cards 5 size 8 Array Of Cards #cards 12 size 40 Howl #buckets 4 coarsen threshold 1843 Howl Bitmap #cards 512 size 80 coarsen threshold 460 Card regions per heap region 1 cards per card region 2048
 CPUs: 16 total, 16 available
 Memory: 7514M
 Large Page Support: Disabled
 NUMA Support: Disabled
 Compressed Oops: Enabled (32-bit)
 Heap Region Size: 1M
 Heap Min Capacity: 8M
 Heap Initial Capacity: 118M
 Heap Max Capacity: 1880M
 Pre-touch: Disabled
 Parallel Workers: 13
 Concurrent Workers: 3
 Concurrent Refinement Workers: 13
 Periodic GC: Disabled
Heap:
 garbage-first heap   total 191488K, used 156746K [0x000000008a800000, 0x0000000100000000)
  region size 1024K, 44 young (45056K), 4 survivors (4096K)
 Metaspace       used 89919K, committed 90304K, reserved 1179648K
  class space    used 9355K, committed 9536K, reserved 1048576K
GC Heap History (20 events):
Event: 21.320 GC heap before
{Heap before GC invocations=15 (full 0):
 garbage-first heap   total 122880K, used 103402K [0x000000008a800000, 0x0000000100000000)
  region size 1024K, 37 young (37888K), 5 survivors (5120K)
 Metaspace       used 59655K, committed 60032K, reserved 1114112K
  class space    used 7011K, committed 7168K, reserved 1048576K
}
Event: 21.353 GC heap after
{Heap after GC invocations=16 (full 0):
 garbage-first heap   total 122880K, used 75223K [0x000000008a800000, 0x0000000100000000)
  region size 1024K, 5 young (5120K), 5 survivors (5120K)
 Metaspace       used 59655K, committed 60032K, reserved 1114112K
  class space    used 7011K, committed 7168K, reserved 1048576K
}
Event: 23.506 GC heap before
{Heap before GC invocations=16 (full 0):
 garbage-first heap   total 122880K, used 105943K [0x000000008a800000, 0x0000000100000000)
  region size 1024K, 35 young (35840K), 5 survivors (5120K)
 Metaspace       used 61614K, committed 62016K, reserved 1114112K
  class space    used 7122K, committed 7296K, reserved 1048576K
}
Event: 23.553 GC heap after
{Heap after GC invocations=17 (full 0):
 garbage-first heap   total 147456K, used 80384K [0x000000008a800000, 0x0000000100000000)
  region size 1024K, 5 young (5120K), 5 survivors (5120K)
 Metaspace       used 61614K, committed 62016K, reserved 1114112K
  class space    used 7122K, committed 7296K, reserved 1048576K
}
Event: 25.507 GC heap before
{Heap before GC invocations=17 (full 0):
 garbage-first heap   total 147456K, used 124416K [0x000000008a800000, 0x0000000100000000)
  region size 1024K, 48 young (49152K), 5 survivors (5120K)
 Metaspace       used 62370K, committed 62720K, reserved 1114112K
  class space    used 7161K, committed 7296K, reserved 1048576K
}
Event: 25.547 GC heap after
{Heap after GC invocations=18 (full 0):
 garbage-first heap   total 147456K, used 89600K [0x000000008a800000, 0x0000000100000000)
  region size 1024K, 6 young (6144K), 6 survivors (6144K)
 Metaspace       used 62370K, committed 62720K, reserved 1114112K
  class space    used 7161K, committed 7296K, reserved 1048576K
}
Event: 27.780 GC heap before
{Heap before GC invocations=19 (full 0):
 garbage-first heap   total 150528K, used 126464K [0x000000008a800000, 0x0000000100000000)
  region size 1024K, 42 young (43008K), 6 survivors (6144K)
 Metaspace       used 63041K, committed 63424K, reserved 1114112K
  class space    used 7185K, committed 7360K, reserved 1048576K
}
Event: 27.812 GC heap after
{Heap after GC invocations=20 (full 0):
 garbage-first heap   total 150528K, used 95916K [0x000000008a800000, 0x0000000100000000)
  region size 1024K, 6 young (6144K), 6 survivors (6144K)
 Metaspace       used 63041K, committed 63424K, reserved 1114112K
  class space    used 7185K, committed 7360K, reserved 1048576K
}
Event: 30.064 GC heap before
{Heap before GC invocations=20 (full 0):
 garbage-first heap   total 150528K, used 131756K [0x000000008a800000, 0x0000000100000000)
  region size 1024K, 41 young (41984K), 6 survivors (6144K)
 Metaspace       used 63613K, committed 63936K, reserved 1114112K
  class space    used 7215K, committed 7360K, reserved 1048576K
}
Event: 30.090 GC heap after
{Heap after GC invocations=21 (full 0):
 garbage-first heap   total 150528K, used 99872K [0x000000008a800000, 0x0000000100000000)
  region size 1024K, 5 young (5120K), 5 survivors (5120K)
 Metaspace       used 63613K, committed 63936K, reserved 1114112K
  class space    used 7215K, committed 7360K, reserved 1048576K
}
Event: 34.102 GC heap before
{Heap before GC invocations=21 (full 0):
 garbage-first heap   total 150528K, used 133664K [0x000000008a800000, 0x0000000100000000)
  region size 1024K, 38 young (38912K), 5 survivors (5120K)
 Metaspace       used 66540K, committed 66944K, reserved 1114112K
  class space    used 7385K, committed 7552K, reserved 1048576K
}
Event: 34.121 GC heap after
{Heap after GC invocations=22 (full 0):
 garbage-first heap   total 150528K, used 101941K [0x000000008a800000, 0x0000000100000000)
  region size 1024K, 3 young (3072K), 3 survivors (3072K)
 Metaspace       used 66540K, committed 66944K, reserved 1114112K
  class space    used 7385K, committed 7552K, reserved 1048576K
}
Event: 36.560 GC heap before
{Heap before GC invocations=23 (full 0):
 garbage-first heap   total 171008K, used 135733K [0x000000008a800000, 0x0000000100000000)
  region size 1024K, 36 young (36864K), 3 survivors (3072K)
 Metaspace       used 69791K, committed 70208K, reserved 1114112K
  class space    used 7650K, committed 7808K, reserved 1048576K
}
Event: 36.578 GC heap after
{Heap after GC invocations=24 (full 0):
 garbage-first heap   total 171008K, used 105337K [0x000000008a800000, 0x0000000100000000)
  region size 1024K, 5 young (5120K), 5 survivors (5120K)
 Metaspace       used 69791K, committed 70208K, reserved 1114112K
  class space    used 7650K, committed 7808K, reserved 1048576K
}
Event: 40.519 GC heap before
{Heap before GC invocations=24 (full 0):
 garbage-first heap   total 171008K, used 151417K [0x000000008a800000, 0x0000000100000000)
  region size 1024K, 51 young (52224K), 5 survivors (5120K)
 Metaspace       used 76695K, committed 77056K, reserved 1179648K
  class space    used 8242K, committed 8384K, reserved 1048576K
}
Event: 40.545 GC heap after
{Heap after GC invocations=25 (full 0):
 garbage-first heap   total 171008K, used 109053K [0x000000008a800000, 0x0000000100000000)
  region size 1024K, 7 young (7168K), 7 survivors (7168K)
 Metaspace       used 76695K, committed 77056K, reserved 1179648K
  class space    used 8242K, committed 8384K, reserved 1048576K
}
Event: 44.500 GC heap before
{Heap before GC invocations=25 (full 0):
 garbage-first heap   total 171008K, used 154109K [0x000000008a800000, 0x0000000100000000)
  region size 1024K, 51 young (52224K), 7 survivors (7168K)
 Metaspace       used 83000K, committed 83456K, reserved 1179648K
  class space    used 8831K, committed 9024K, reserved 1048576K
}
Event: 44.530 GC heap after
{Heap after GC invocations=26 (full 0):
 garbage-first heap   total 171008K, used 113835K [0x000000008a800000, 0x0000000100000000)
  region size 1024K, 5 young (5120K), 5 survivors (5120K)
 Metaspace       used 83000K, committed 83456K, reserved 1179648K
  class space    used 8831K, committed 9024K, reserved 1048576K
}
Event: 47.419 GC heap before
{Heap before GC invocations=27 (full 0):
 garbage-first heap   total 191488K, used 155819K [0x000000008a800000, 0x0000000100000000)
  region size 1024K, 46 young (47104K), 5 survivors (5120K)
 Metaspace       used 89098K, committed 89472K, reserved 1179648K
  class space    used 9333K, committed 9472K, reserved 1048576K
}
Event: 47.435 GC heap after
{Heap after GC invocations=28 (full 0):
 garbage-first heap   total 191488K, used 116810K [0x000000008a800000, 0x0000000100000000)
  region size 1024K, 4 young (4096K), 4 survivors (4096K)
 Metaspace       used 89098K, committed 89472K, reserved 1179648K
  class space    used 9333K, committed 9472K, reserved 1048576K
}

